[0.024s] Invoking command in '/home/young/SLAM/ORB_SLAM3/ROS2/build/ros2_orbslam': CMAKE_PREFIX_PATH=/opt/ros/humble CONDA_PROMPT_MODIFIER=(SLAM) /usr/bin/cmake --build /home/young/SLAM/ORB_SLAM3/ROS2/build/ros2_orbslam -- -j16 -l16
[0.155s] [ 33%] Built target mono
[0.156s] [ 55%] [32m[1mLinking CXX executable stereo[0m
[0.156s] [ 77%] Built target rgbd
[0.647s] /usr/bin/ld: warning: libopencv_imgcodecs.so.4.5d, needed by /opt/ros/humble/lib/libcv_bridge.so, may conflict with libopencv_imgcodecs.so.406
[0.647s] /usr/bin/ld: warning: libopencv_imgproc.so.4.5d, needed by /opt/ros/humble/lib/libcv_bridge.so, may conflict with libopencv_imgproc.so.406
[0.648s] /usr/bin/ld: warning: libopencv_core.so.4.5d, needed by /opt/ros/humble/lib/libcv_bridge.so, may conflict with libopencv_core.so.406
[0.659s] /usr/bin/ld: CMakeFiles/stereo.dir/src/stereo/stereo-slam-node.cpp.o: undefined reference to symbol '_ZN2cv23initUndistortRectifyMapERKNS_11_InputArrayES2_S2_S2_NS_5Size_IiEEiRKNS_12_OutputArrayES7_'
[0.659s] /usr/bin/ld: /usr/local/opencv4/lib/libopencv_calib3d.so.406: error adding symbols: DSO missing from command line
[0.662s] collect2: error: ld returned 1 exit status
[0.664s] gmake[2]: *** [CMakeFiles/stereo.dir/build.make:218: stereo] Error 1
[0.665s] gmake[1]: *** [CMakeFiles/Makefile2:193: CMakeFiles/stereo.dir/all] Error 2
[0.665s] gmake: *** [Makefile:146: all] Error 2
[0.668s] Invoked command in '/home/young/SLAM/ORB_SLAM3/ROS2/build/ros2_orbslam' returned '2': CMAKE_PREFIX_PATH=/opt/ros/humble CONDA_PROMPT_MODIFIER=(SLAM) /usr/bin/cmake --build /home/young/SLAM/ORB_SLAM3/ROS2/build/ros2_orbslam -- -j16 -l16
